* using log directory ‘/Users/xiaoqi/Desktop/Rcode/PREDE/PREDE/..Rcheck’
* using R version 3.6.1 (2019-07-05)
* using platform: x86_64-apple-darwin15.6.0 (64-bit)
* using session charset: UTF-8
* checking for file ‘./DESCRIPTION’ ... OK
* checking extension type ... Package
* this is package ‘PREDE’ version ‘1.2.0’
* checking package namespace information ... OK
* checking package dependencies ... OK
* checking if this is a source package ... OK
* checking if there is a namespace ... OK
* checking for executable files ... WARNING
Found the following executable files:
  .git/objects/08/f68942f90239dfe85096d8bf8664ee6563961d
  .git/objects/0d/ad22c540d5768aada25d67f91370fdb333da98
  .git/objects/0f/e7db76bedf4ffbf0d4642124f4e892eedd2f77
  .git/objects/14/6b2954e2ada48a4438fd9dd1c66f97f7ccdbf9
  .git/objects/15/84d22bcdf9147dfffb50ab0f09a9e84d434d72
  .git/objects/1b/881259f044822b2bfee7602ff8316f391fb8f0
  .git/objects/28/726ff083c941f34fcb6e34dca870a0e40d101b
  .git/objects/2a/a189ba30ea20a8b5704c151ace5d7d3b3624b1
  .git/objects/2c/4c2c277c3e3d66b61b9fdab7116ab7aedf95ed
  .git/objects/2e/a5e72bdcc2b7430bbb2e38e012481cef24ec45
  .git/objects/34/e23aa2449ef655cfecf7901ca86bcebe8b8367
  .git/objects/35/b157374d7e580b87f19abe24bf16daa25056c2
  .git/objects/37/23f6c476b1047338fa4405c24ba7060b3d2e2b
  .git/objects/3d/a8363b26a68a1f8778a684874545a000fa485e
  .git/objects/3e/35882e5cdbdd0272ea677605fca2965aae41e1
  .git/objects/3e/f0e9d4e59ed6b9eae0d245753bf3c3e05b6a38
  .git/objects/46/2e24e3847c3e69ebbee69d9d5439a60e5f785e
  .git/objects/46/3b7fa8431868a5e545efde034a26fac9048cee
  .git/objects/4c/881e26dfb0f25a23ec3200c65c58f6c1241f97
  .git/objects/50/08ddfcf53c02e82d7eee2e57c38e5672ef89f6
  .git/objects/50/09503762c939ca0abe457739d7dac7d5cb834b
  .git/objects/53/3f4028ccc5b6cb1bb8d0f4b7bca80c3c91c31e
  .git/objects/58/750608a1b1064a67fb9b92e6baaa9ba1a4b741
  .git/objects/5b/17566f450699bf2ec344287ecf1a1869b3e573
  .git/objects/61/a4af110d7591c92fad2cca46692fb5d9c49d21
  .git/objects/66/afe38067df4c9ac97e3ea04a2b498cfe7a2430
  .git/objects/6a/23df6ba0913c9182e43609c19d4efcc01132dd
  .git/objects/6b/6349b9d455ad8251b44f145ea1515f297a6816
  .git/objects/6c/66f55c252944f3e330d12d4d519adb3912bd15
  .git/objects/6c/82b7733a576e0255fff8e79ea323da5b78635b
  .git/objects/6e/a3373ecf7c120931138c510c0f9b8e2e8bf762
  .git/objects/79/28b41333b538f01060227598fc84080f5eae8d
  .git/objects/7d/dd2ea9260cb2bfaf920ba6e591bb3cfefc86d5
  .git/objects/7f/55f050e934f16f468a2f1cc6325c04e4f616c2
  .git/objects/80/1e72b4c98ab463dfc941b976b3663230a0c4a4
  .git/objects/80/9baa9788e38d8ce796c2899b6eb8557918ce65
  .git/objects/82/7a9dc4c9d3b50499381c3f0907f22f27d20496
  .git/objects/82/998e38d8c325e35f0d461b12741b4172ca3378
  .git/objects/8a/04c0ff80e28191646e31e42829973693f4df91
  .git/objects/8b/137891791fe96927ad78e64b0aad7bded08bdc
  .git/objects/8b/89e2c8297c90cf1cfa93c1423c292d63825c39
  .git/objects/8c/1e82eab3022c61908bec50f2bd16088634f430
  .git/objects/91/812ca4f0042a1f518722588004620526fc8dc7
  .git/objects/96/924efe44e2f1766e3f971740eb400510f7efc1
  .git/objects/a1/6cfc09bd3e972c4af3f7ccc49af272265e0038
  .git/objects/af/b7f2b5c5b71266b0d35b3ceee65609bc1301c2
  .git/objects/b2/beb0864305a6ce642a5604393c646dd80fc128
  .git/objects/b5/c1817317a84ed2efc5b49fec5507f9979d1f54
  .git/objects/b7/66ae318b9fb09cc8a602a26d1e14d8c7b864a9
  .git/objects/b7/d8044f7c610512a427268eadc7bf8ee7080ab1
  .git/objects/cc/52232422dfb3397d74f9d2df75b3970a6f7f1c
  .git/objects/ce/176aa2103112253ff16417b4ba9a78f9791797
  .git/objects/d2/627f924a77a50d25af273b27f432e043a0ae6c
  .git/objects/d2/a375c4b7732bdf3877f9fb11847368e8ddb6c2
  .git/objects/d3/77dd5cc31f428f2c7b28d5de79a2911455a9ed
  .git/objects/d8/d156708f9714bb9591b2f4acdaf65ba183a76c
  .git/objects/da/d759e5d4382808475b35ac3e1938802c67012c
  .git/objects/df/10fb8713b0658f9cb2151832460b5ddd12189f
  .git/objects/e0/49a11f0278a34be592a1a336ac595fcdedecde
  .git/objects/e5/bed9e7fce560475742daca8430a85f87e7d0cf
  .git/objects/e6/37d7ae45a3dd35c0c03a09026eebf80dfd9739
  .git/objects/e6/d9b5de7d47a46e483eb13a6103122c933abc58
  .git/objects/ec/2acccd3b6220b198e656a2bffba783546c9a2e
  .git/objects/f9/459c6a0c80ccd08ea2fcafbc59d280d55a0a0f
  .git/objects/fa/70e9a7c5af80032641c04dae5197ecf0ba03c3
  .git/objects/fe/095986a0212e2d1b5b0c198585eb6bd7384334
  .git/objects/fe/bfc18ea0baead5f199b8baf255f22ba92f48ab
  .git/objects/fe/f09327ecdd11c0895f58922743a638a7913d5b
Source packages should not contain undeclared executable files.
See section ‘Package structure’ in the ‘Writing R Extensions’ manual.
* checking for hidden files and directories ... NOTE
Found the following hidden files and directories:
  .DS_Store
  R/.DS_Store
  ..Rcheck
  .git
These were most likely included in error. See section ‘Package
structure’ in the ‘Writing R Extensions’ manual.
* checking for portable file names ... OK
* checking for sufficient/correct file permissions ... OK
* checking whether package ‘PREDE’ can be installed ... WARNING
Found the following significant warnings:
  Warning: package ‘gtools’ was built under R version 3.6.2
See ‘/Users/xiaoqi/Desktop/Rcode/PREDE/PREDE/..Rcheck/00install.out’ for details.
* checking installed package size ... OK
* checking package directory ... OK
* checking DESCRIPTION meta-information ... OK
* checking top-level files ... OK
* checking for left-over files ... OK
* checking index information ... OK
* checking package subdirectories ... WARNING
Found the following directory with the name of a check directory:
  ./..Rcheck
Most likely, these were included erroneously.
* checking R files for non-ASCII characters ... OK
* checking R files for syntax errors ... OK
* checking whether the package can be loaded ... OK
* checking whether the package can be loaded with stated dependencies ... OK
* checking whether the package can be unloaded cleanly ... OK
* checking whether the namespace can be loaded with stated dependencies ... OK
* checking whether the namespace can be unloaded cleanly ... OK
* checking dependencies in R code ... OK
* checking S3 generic/method consistency ... OK
* checking replacement functions ... OK
* checking foreign function calls ... OK
* checking R code for possible problems ... NOTE
select_feature: warning in sort(cv, dec = TRUE, index = TRUE): partial
  argument match of 'dec' to 'decreasing'
RB: no visible binding for global variable ‘sumLessThanOne’
Undefined global functions or variables:
  sumLessThanOne
* checking Rd files ... OK
* checking Rd metadata ... OK
* checking Rd cross-references ... OK
* checking for missing documentation entries ... WARNING
Undocumented code objects:
  ‘adjustWH’
Undocumented data sets:
  ‘lung_exp’
All user-level objects in a package should have documentation entries.
See chapter ‘Writing R documentation files’ in the ‘Writing R
Extensions’ manual.
* checking for code/documentation mismatches ... OK
* checking Rd \usage sections ... OK
* checking Rd contents ... OK
* checking for unstated dependencies in examples ... OK
* checking contents of ‘data’ directory ... OK
* checking data for non-ASCII characters ... OK
* checking data for ASCII and uncompressed saves ... WARNING
  
  Note: significantly better compression could be obtained
        by using R CMD build --resave-data
                 old_size new_size compress
  lung_exp.RData    2.5Mb    1.4Mb       xz
* checking examples ... OK
* checking PDF version of manual ... OK
* DONE
Status: 5 WARNINGs, 2 NOTEs
